#
# There is insufficient memory for the Java Runtime Environment to continue.
# Native memory allocation (mmap) failed to map 132120576 bytes for G1 virtual space
# Possible reasons:
#   The system is out of physical RAM or swap space
#   The process is running with CompressedOops enabled, and the Java Heap may be blocking the growth of the native heap
# Possible solutions:
#   Reduce memory load on the system
#   Increase physical memory or swap space
#   Check if swap backing store is full
#   Decrease Java heap size (-Xmx/-Xms)
#   Decrease number of Java threads
#   Decrease Java thread stack sizes (-Xss)
#   Set larger code cache with -XX:ReservedCodeCacheSize=
#   JVM is running with Unscaled Compressed Oops mode in which the Java heap is
#     placed in the first 4GB address space. The Java Heap base address is the
#     maximum limit for the native heap growth. Please use -XX:HeapBaseMinAddress
#     to set the Java Heap base and to place the Java Heap above 4GB virtual address.
# This output file may be truncated or incomplete.
#
#  Out of Memory Error (os_windows.cpp:3829), pid=13920, tid=4552
#
# JRE version:  (17.0.8.1+7) (build )
# Java VM: OpenJDK 64-Bit Server VM (17.0.8.1+7-b1000.32, mixed mode, sharing, tiered, compressed oops, compressed class ptrs, g1 gc, windows-amd64)
# No core dump will be written. Minidumps are not enabled by default on client versions of Windows
#

---------------  S U M M A R Y ------------

Command Line: git4idea.http.GitAskPassApp Username for 'https://github.com': 

Host: 11th Gen Intel(R) Core(TM) i3-1125G4 @ 2.00GHz, 8 cores, 7G,  Windows 11 , 64 bit Build 22621 (10.0.22621.3672)
Time: Fri Jul 26 16:06:21 2024 Turkey Standard Time elapsed time: 0.021736 seconds (0d 0h 0m 0s)

---------------  T H R E A D  ---------------

Current thread (0x0000021a65ebe9b0):  JavaThread "Unknown thread" [_thread_in_vm, id=4552, stack(0x0000008cadc00000,0x0000008cadd00000)]

Stack: [0x0000008cadc00000,0x0000008cadd00000]
Native frames: (J=compiled Java code, j=interpreted, Vv=VM code, C=native code)
V  [jvm.dll+0x6852da]
V  [jvm.dll+0x844c84]
V  [jvm.dll+0x84659e]
V  [jvm.dll+0x846c03]
V  [jvm.dll+0x24b7cf]
V  [jvm.dll+0x682049]
V  [jvm.dll+0x67671a]
V  [jvm.dll+0x30be2b]
V  [jvm.dll+0x3132d6]
V  [jvm.dll+0x36302e]
V  [jvm.dll+0x36325f]
V  [jvm.dll+0x2e1f48]
V  [jvm.dll+0x2e2eb4]
V  [jvm.dll+0x815c11]
V  [jvm.dll+0x370df1]
V  [jvm.dll+0x7f4fdc]
V  [jvm.dll+0x3f3f1f]
V  [jvm.dll+0x3f5b31]
C  [jli.dll+0x528f]
C  [ucrtbase.dll+0x29333]
C  [KERNEL32.DLL+0x1257d]
C  [ntdll.dll+0x5af28]


---------------  P R O C E S S  ---------------

Threads class SMR info:
_java_thread_list=0x00007fffdb6c00d8, length=0, elements={
}

Java Threads: ( => current thread )

Other Threads:
  0x0000021a65f170a0 GCTaskThread "GC Thread#0" [stack: 0x0000008cadd00000,0x0000008cade00000] [id=16572]
  0x0000021a65f278b0 ConcurrentGCThread "G1 Main Marker" [stack: 0x0000008cade00000,0x0000008cadf00000] [id=20040]
  0x0000021a65f28a60 ConcurrentGCThread "G1 Conc#0" [stack: 0x0000008cadf00000,0x0000008cae000000] [id=14104]

[error occurred during error reporting (printing all threads), id 0xc0000005, EXCEPTION_ACCESS_VIOLATION (0xc0000005) at pc=0x00007fffdae72ab7]

VM state: not at safepoint (not fully initialized)

VM Mutex/Monitor currently owned by a thread:  ([mutex/lock_event])
[0x0000021a65ebc5c0] Heap_lock - owner thread: 0x0000021a65ebe9b0

Heap address: 0x0000000083a00000, size: 1990 MB, Compressed Oops mode: 32-bit

CDS archive(s) mapped at: [0x0000000000000000-0x0000000000000000-0x0000000000000000), size 0, SharedBaseAddress: 0x0000000800000000, ArchiveRelocationMode: 1.
Narrow klass base: 0x0000000000000000, Narrow klass shift: 0, Narrow klass range: 0x0

GC Precious Log:
<Empty>

Heap:
 garbage-first heap   total 0K, used 0K [0x0000000083a00000, 0x0000000100000000)
  region size 1024K, 0 young (0K), 0 survivors (0K)
 Metaspace       used 0K, committed 0K, reserved 0K
  class space    used 0K, committed 0K, reserved 0K

Heap Regions: E=young(eden), S=young(survivor), O=old, HS=humongous(starts), HC=humongous(continues), CS=collection set, F=free, OA=open archive, CA=closed archive, TAMS=top-at-mark-start (previous, next)

Card table byte_map: [0x0000021a78d40000,0x0000021a79130000] _byte_map_base: 0x0000021a78923000

Marking Bits (Prev, Next): (CMBitMap*) 0x0000021a65f176c0, (CMBitMap*) 0x0000021a65f17700
 Prev Bits: [0x0000021a79520000, 0x0000021a7b438000)
 Next Bits: [0x0000021a7b440000, 0x0000021a7d358000)

GC Heap History (0 events):
No events

Dll operation events (1 events):
Event: 0.012 Loaded shared library C:\Program Files\JetBrains\IntelliJ IDEA 2023.2.3\jbr\bin\java.dll

Deoptimization events (0 events):
No events

Classes unloaded (0 events):
No events

Classes redefined (0 events):
No events

Internal exceptions (0 events):
No events

VM Operations (0 events):
No events

Events (0 events):
No events


Dynamic libraries:
0x00007ff7fd2a0000 - 0x00007ff7fd2aa000 	C:\Program Files\JetBrains\IntelliJ IDEA 2023.2.3\jbr\bin\java.exe
0x00007ff88b750000 - 0x00007ff88b967000 	C:\WINDOWS\SYSTEM32\ntdll.dll
0x00007ff88a330000 - 0x00007ff88a3f4000 	C:\WINDOWS\System32\KERNEL32.DLL
0x00007ff8890e0000 - 0x00007ff88948d000 	C:\WINDOWS\System32\KERNELBASE.dll
0x00007ff888f90000 - 0x00007ff8890a1000 	C:\WINDOWS\System32\ucrtbase.dll
0x00007ff837590000 - 0x00007ff8375a7000 	C:\Program Files\JetBrains\IntelliJ IDEA 2023.2.3\jbr\bin\jli.dll
0x00007ff861ab0000 - 0x00007ff861acb000 	C:\Program Files\JetBrains\IntelliJ IDEA 2023.2.3\jbr\bin\VCRUNTIME140.dll
0x00007ff889780000 - 0x00007ff88992e000 	C:\WINDOWS\System32\USER32.dll
0x00007ff888f60000 - 0x00007ff888f86000 	C:\WINDOWS\System32\win32u.dll
0x00007ff86ff00000 - 0x00007ff870193000 	C:\WINDOWS\WinSxS\amd64_microsoft.windows.common-controls_6595b64144ccf1df_6.0.22621.3672_none_2713b9d173822955\COMCTL32.dll
0x00007ff88a080000 - 0x00007ff88a0a9000 	C:\WINDOWS\System32\GDI32.dll
0x00007ff88a180000 - 0x00007ff88a227000 	C:\WINDOWS\System32\msvcrt.dll
0x00007ff888af0000 - 0x00007ff888c09000 	C:\WINDOWS\System32\gdi32full.dll
0x00007ff888e40000 - 0x00007ff888eda000 	C:\WINDOWS\System32\msvcp_win.dll
0x00007ff8896c0000 - 0x00007ff8896f1000 	C:\WINDOWS\System32\IMM32.DLL
0x00007ff8811e0000 - 0x00007ff8811ec000 	C:\Program Files\JetBrains\IntelliJ IDEA 2023.2.3\jbr\bin\vcruntime140_1.dll
0x00007ff83e1d0000 - 0x00007ff83e25d000 	C:\Program Files\JetBrains\IntelliJ IDEA 2023.2.3\jbr\bin\msvcp140.dll
0x00007fffdab80000 - 0x00007fffdb803000 	C:\Program Files\JetBrains\IntelliJ IDEA 2023.2.3\jbr\bin\server\jvm.dll
0x00007ff889930000 - 0x00007ff8899e2000 	C:\WINDOWS\System32\ADVAPI32.dll
0x00007ff88a0b0000 - 0x00007ff88a159000 	C:\WINDOWS\System32\sechost.dll
0x00007ff8890b0000 - 0x00007ff8890d8000 	C:\WINDOWS\System32\bcrypt.dll
0x00007ff88a420000 - 0x00007ff88a534000 	C:\WINDOWS\System32\RPCRT4.dll
0x00007ff86b280000 - 0x00007ff86b289000 	C:\WINDOWS\SYSTEM32\WSOCK32.dll
0x00007ff8895b0000 - 0x00007ff889621000 	C:\WINDOWS\System32\WS2_32.dll
0x00007ff8811a0000 - 0x00007ff8811d4000 	C:\WINDOWS\SYSTEM32\WINMM.dll
0x00007ff887910000 - 0x00007ff88795d000 	C:\WINDOWS\SYSTEM32\POWRPROF.dll
0x00007ff880fc0000 - 0x00007ff880fca000 	C:\WINDOWS\SYSTEM32\VERSION.dll
0x00007ff8878f0000 - 0x00007ff887903000 	C:\WINDOWS\SYSTEM32\UMPDC.dll
0x00007ff887ba0000 - 0x00007ff887bb8000 	C:\WINDOWS\SYSTEM32\kernel.appcore.dll
0x00007ff8509a0000 - 0x00007ff8509aa000 	C:\Program Files\JetBrains\IntelliJ IDEA 2023.2.3\jbr\bin\jimage.dll
0x00007ff886180000 - 0x00007ff8863b2000 	C:\WINDOWS\SYSTEM32\DBGHELP.DLL
0x00007ff88a540000 - 0x00007ff88a8c8000 	C:\WINDOWS\System32\combase.dll
0x00007ff88b630000 - 0x00007ff88b707000 	C:\WINDOWS\System32\OLEAUT32.dll
0x00007ff86bb10000 - 0x00007ff86bb42000 	C:\WINDOWS\SYSTEM32\dbgcore.DLL
0x00007ff888ee0000 - 0x00007ff888f5b000 	C:\WINDOWS\System32\bcryptPrimitives.dll
0x00007ff850970000 - 0x00007ff850995000 	C:\Program Files\JetBrains\IntelliJ IDEA 2023.2.3\jbr\bin\java.dll

dbghelp: loaded successfully - version: 4.0.5 - missing functions: none
symbol engine: initialized successfully - sym options: 0x614 - pdb path: .;C:\Program Files\JetBrains\IntelliJ IDEA 2023.2.3\jbr\bin;C:\WINDOWS\SYSTEM32;C:\WINDOWS\WinSxS\amd64_microsoft.windows.common-controls_6595b64144ccf1df_6.0.22621.3672_none_2713b9d173822955;C:\Program Files\JetBrains\IntelliJ IDEA 2023.2.3\jbr\bin\server

VM Arguments:
java_command: git4idea.http.GitAskPassApp Username for 'https://github.com': 
java_class_path (initial): C:/Program Files/JetBrains/IntelliJ IDEA 2023.2.3/plugins/vcs-git/lib/git4idea-rt.jar;C:/Program Files/JetBrains/IntelliJ IDEA 2023.2.3/lib/externalProcess-rt.jar
Launcher Type: SUN_STANDARD

[Global flags]
     intx CICompilerCount                          = 4                                         {product} {ergonomic}
     uint ConcGCThreads                            = 2                                         {product} {ergonomic}
     uint G1ConcRefinementThreads                  = 8                                         {product} {ergonomic}
   size_t G1HeapRegionSize                         = 1048576                                   {product} {ergonomic}
    uintx GCDrainStackTargetSize                   = 64                                        {product} {ergonomic}
   size_t InitialHeapSize                          = 132120576                                 {product} {ergonomic}
   size_t MarkStackSize                            = 4194304                                   {product} {ergonomic}
   size_t MaxHeapSize                              = 2086666240                                {product} {ergonomic}
   size_t MinHeapDeltaBytes                        = 1048576                                   {product} {ergonomic}
   size_t MinHeapSize                              = 8388608                                   {product} {ergonomic}
    uintx NonNMethodCodeHeapSize                   = 5839372                                {pd product} {ergonomic}
    uintx NonProfiledCodeHeapSize                  = 122909434                              {pd product} {ergonomic}
    uintx ProfiledCodeHeapSize                     = 122909434                              {pd product} {ergonomic}
    uintx ReservedCodeCacheSize                    = 251658240                              {pd product} {ergonomic}
     bool SegmentedCodeCache                       = true                                      {product} {ergonomic}
   size_t SoftMaxHeapSize                          = 2086666240                             {manageable} {ergonomic}
     bool UseCompressedClassPointers               = true                           {product lp64_product} {ergonomic}
     bool UseCompressedOops                        = true                           {product lp64_product} {ergonomic}
     bool UseG1GC                                  = true                                      {product} {ergonomic}
     bool UseLargePagesIndividualAllocation        = false                                  {pd product} {ergonomic}

Logging:
Log output configuration:
 #0: stdout all=warning uptime,level,tags
 #1: stderr all=off uptime,level,tags

Environment Variables:
JAVA_HOME=C:\Program Files\Java\jdk-11.0.12
PATH=C:\Program Files\Git\mingw64\libexec\git-core;C:\Program Files\Git\mingw64\libexec\git-core;C:\Program Files\Git\mingw64\bin;C:\Program Files\Git\usr\bin;C:\Users\Atux\bin;C:\Program Files\Common Files\Oracle\Java\javapath;C:\Program Files (x86)\Common Files\Oracle\Java\javapath;C:\WINDOWS\system32;C:\WINDOWS;C:\WINDOWS\System32\Wbem;C:\WINDOWS\System32\WindowsPowerShell\v1.0;C:\WINDOWS\System32\OpenSSH;C:\Program Files\Git\cmd;C:\Program Files\Java\jdk-11.0.12\bin;C:\Program Files\Maven\apache-maven-3.9.6\bin;C:\Users\Atux\AppData\Local\Microsoft\WindowsApps;C:\Program Files\JetBrains\IntelliJ IDEA 2023.2.3\bin;C:\Users\Atux\AppData\Local\JetBrains\Toolbox\scripts
USERNAME=Atux
DISPLAY=:0.0
LC_ALL=en_US.UTF-8
TERM=xterm-256color
TMPDIR=C:\Users\Atux\AppData\Local\Temp
OS=Windows_NT
PROCESSOR_IDENTIFIER=Intel64 Family 6 Model 140 Stepping 1, GenuineIntel
TMP=C:\Users\Atux\AppData\Local\Temp
TEMP=C:\Users\Atux\AppData\Local\Temp


JNI global refs:
JNI global refs: 0, weak refs: 0

JNI global refs memory usage: 0, weak refs: 0

OOME stack traces (most recent first):
Classloader memory used:


---------------  S Y S T E M  ---------------

OS:
 Windows 11 , 64 bit Build 22621 (10.0.22621.3672)
OS uptime: 2 days 15:11 hours

CPU: total 8 (initial active 8) (4 cores per cpu, 2 threads per core) family 6 model 140 stepping 1 microcode 0x9a, cx8, cmov, fxsr, ht, mmx, 3dnowpref, sse, sse2, sse3, ssse3, sse4.1, sse4.2, popcnt, lzcnt, tsc, tscinvbit, avx, avx2, aes, erms, clmul, bmi1, bmi2, adx, avx512f, avx512dq, avx512cd, avx512bw, avx512vl, sha, fma, vzeroupper, avx512_vpopcntdq, avx512_vpclmulqdq, avx512_vaes, avx512_vnni, clflush, clflushopt, clwb, avx512_vbmi2, avx512_vbmi
Processor Information for all 8 processors :
  Max Mhz: 1997, Current Mhz: 1997, Mhz Limit: 1997

Memory: 4k page, system-wide physical 7959M (439M free)
TotalPageFile size 32535M (AvailPageFile size 51M)
current process WorkingSet (physical memory assigned to process): 11M, peak: 11M
current process commit charge ("private bytes"): 60M, peak: 186M

vm_info: OpenJDK 64-Bit Server VM (17.0.8.1+7-b1000.32) for windows-amd64 JRE (17.0.8.1+7-b1000.32), built on 2023-09-15 by "builduser" with MS VC++ 16.10 / 16.11 (VS2019)

END.
