#
# There is insufficient memory for the Java Runtime Environment to continue.
# Native memory allocation (mmap) failed to map 65536 bytes for Failed to commit metaspace.
# Possible reasons:
#   The system is out of physical RAM or swap space
#   The process is running with CompressedOops enabled, and the Java Heap may be blocking the growth of the native heap
# Possible solutions:
#   Reduce memory load on the system
#   Increase physical memory or swap space
#   Check if swap backing store is full
#   Decrease Java heap size (-Xmx/-Xms)
#   Decrease number of Java threads
#   Decrease Java thread stack sizes (-Xss)
#   Set larger code cache with -XX:ReservedCodeCacheSize=
#   JVM is running with Unscaled Compressed Oops mode in which the Java heap is
#     placed in the first 4GB address space. The Java Heap base address is the
#     maximum limit for the native heap growth. Please use -XX:HeapBaseMinAddress
#     to set the Java Heap base and to place the Java Heap above 4GB virtual address.
# This output file may be truncated or incomplete.
#
#  Out of Memory Error (virtualSpaceNode.cpp:110), pid=12096, tid=9144
#
# JRE version: OpenJDK Runtime Environment JBR-17.0.8.1+7-1000.32-jcef (17.0.8.1+7) (build 17.0.8.1+7-b1000.32)
# Java VM: OpenJDK 64-Bit Server VM JBR-17.0.8.1+7-1000.32-jcef (17.0.8.1+7-b1000.32, mixed mode, tiered, compressed oops, compressed class ptrs, g1 gc, windows-amd64)
# No core dump will be written. Minidumps are not enabled by default on client versions of Windows
#

---------------  S U M M A R Y ------------

Command Line: git4idea.http.GitAskPassApp Username for 'https://github.com': 

Host: 11th Gen Intel(R) Core(TM) i3-1125G4 @ 2.00GHz, 8 cores, 7G,  Windows 11 , 64 bit Build 22621 (10.0.22621.3672)
Time: Fri Jul 26 12:37:58 2024 Turkey Standard Time elapsed time: 0.674388 seconds (0d 0h 0m 0s)

---------------  T H R E A D  ---------------

Current thread (0x00000299d7a9b4a0):  JavaThread "main" [_thread_in_vm, id=9144, stack(0x0000009be3200000,0x0000009be3300000)]

Stack: [0x0000009be3200000,0x0000009be3300000]
Native frames: (J=compiled Java code, j=interpreted, Vv=VM code, C=native code)
V  [jvm.dll+0x6852da]
V  [jvm.dll+0x844c84]
V  [jvm.dll+0x84659e]
V  [jvm.dll+0x846c03]
V  [jvm.dll+0x24b7cf]
V  [jvm.dll+0x84003b]
V  [jvm.dll+0x6296c6]
V  [jvm.dll+0x62972a]
V  [jvm.dll+0x62bf4a]
V  [jvm.dll+0x62a066]
V  [jvm.dll+0x240a86]
V  [jvm.dll+0x1ef8dd]
V  [jvm.dll+0x1e529c]
V  [jvm.dll+0x54b27d]
V  [jvm.dll+0x1f5ccb]
V  [jvm.dll+0x7be1db]
V  [jvm.dll+0x7bf622]
V  [jvm.dll+0x7bf958]
V  [jvm.dll+0x24345e]
V  [jvm.dll+0x386efe]
C  0x00000299e274b5a5

Java frames: (J=compiled Java code, j=interpreted, Vv=VM code)
j  sun.security.ssl.KeyUpdate.<clinit>()V+20 java.base@17.0.8.1
v  ~StubRoutines::call_stub
j  sun.security.ssl.SSLHandshake.<clinit>()V+1241 java.base@17.0.8.1
v  ~StubRoutines::call_stub
j  sun.security.ssl.OutputRecord.<clinit>()V+130 java.base@17.0.8.1
v  ~StubRoutines::call_stub
j  sun.security.ssl.SSLSocketImpl.<init>(Lsun/security/ssl/SSLContextImpl;)V+78 java.base@17.0.8.1
j  sun.security.ssl.SSLSocketFactoryImpl.createSocket()Ljava/net/Socket;+8 java.base@17.0.8.1
j  javax.net.ssl.SSLContextSpi.getDefaultSocket()Ljavax/net/ssl/SSLSocket;+6 java.base@17.0.8.1
j  javax.net.ssl.SSLContextSpi.engineGetDefaultSSLParameters()Ljavax/net/ssl/SSLParameters;+1 java.base@17.0.8.1
j  javax.net.ssl.SSLContext.getDefaultSSLParameters()Ljavax/net/ssl/SSLParameters;+4 java.base@17.0.8.1
j  jdk.internal.net.http.HttpClientImpl.getDefaultParams(Ljavax/net/ssl/SSLContext;)Ljavax/net/ssl/SSLParameters;+1 java.net.http@17.0.8.1
j  jdk.internal.net.http.HttpClientImpl.<init>(Ljdk/internal/net/http/HttpClientBuilderImpl;Ljdk/internal/net/http/HttpClientImpl$SingleFacadeFactory;)V+418 java.net.http@17.0.8.1
j  jdk.internal.net.http.HttpClientImpl.create(Ljdk/internal/net/http/HttpClientBuilderImpl;)Ljdk/internal/net/http/HttpClientFacade;+14 java.net.http@17.0.8.1
j  jdk.internal.net.http.HttpClientBuilderImpl.build()Ljava/net/http/HttpClient;+1 java.net.http@17.0.8.1
j  externalApp.ExternalAppUtil.sendIdeRequest(Ljava/lang/String;ILjava/lang/String;Ljava/lang/String;)LexternalApp/ExternalAppUtil$Result;+77
j  git4idea.http.GitAskPassApp.main([Ljava/lang/String;)V+37
v  ~StubRoutines::call_stub

---------------  P R O C E S S  ---------------

Threads class SMR info:
_java_thread_list=0x00000299f1ca5820, length=12, elements={
0x00000299d7a9b4a0, 0x00000299f199df90, 0x00000299f19a2b60, 0x00000299f19ae520,
0x00000299f19b0ff0, 0x00000299f19b3dd0, 0x00000299f1b568e0, 0x00000299f19b5050,
0x00000299f19b6840, 0x00000299f1b57300, 0x00000299f1b563d0, 0x00000299f1b56df0
}

Java Threads: ( => current thread )
=>0x00000299d7a9b4a0 JavaThread "main" [_thread_in_vm, id=9144, stack(0x0000009be3200000,0x0000009be3300000)]
  0x00000299f199df90 JavaThread "Reference Handler" daemon [_thread_blocked, id=2596, stack(0x0000009be3900000,0x0000009be3a00000)]
  0x00000299f19a2b60 JavaThread "Finalizer" daemon [_thread_blocked, id=22612, stack(0x0000009be3a00000,0x0000009be3b00000)]
  0x00000299f19ae520 JavaThread "Signal Dispatcher" daemon [_thread_blocked, id=24488, stack(0x0000009be3b00000,0x0000009be3c00000)]
  0x00000299f19b0ff0 JavaThread "Attach Listener" daemon [_thread_blocked, id=3460, stack(0x0000009be3c00000,0x0000009be3d00000)]
  0x00000299f19b3dd0 JavaThread "Service Thread" daemon [_thread_blocked, id=14076, stack(0x0000009be3d00000,0x0000009be3e00000)]
  0x00000299f1b568e0 JavaThread "Monitor Deflation Thread" daemon [_thread_blocked, id=19920, stack(0x0000009be3e00000,0x0000009be3f00000)]
  0x00000299f19b5050 JavaThread "C2 CompilerThread0" daemon [_thread_blocked, id=10440, stack(0x0000009be3f00000,0x0000009be4000000)]
  0x00000299f19b6840 JavaThread "C1 CompilerThread0" daemon [_thread_blocked, id=17468, stack(0x0000009be4000000,0x0000009be4100000)]
  0x00000299f1b57300 JavaThread "Sweeper thread" daemon [_thread_blocked, id=29740, stack(0x0000009be4100000,0x0000009be4200000)]
  0x00000299f1b563d0 JavaThread "Notification Thread" daemon [_thread_blocked, id=17356, stack(0x0000009be4200000,0x0000009be4300000)]
  0x00000299f1b56df0 JavaThread "Common-Cleaner" daemon [_thread_blocked, id=30472, stack(0x0000009be4400000,0x0000009be4500000)]

Other Threads:
  0x00000299f199b4c0 VMThread "VM Thread" [stack: 0x0000009be3800000,0x0000009be3900000] [id=4020]
  0x00000299d7b10480 WatcherThread [stack: 0x0000009be4300000,0x0000009be4400000] [id=18272]
  0x00000299d7af4b50 GCTaskThread "GC Thread#0" [stack: 0x0000009be3300000,0x0000009be3400000] [id=2700]
  0x00000299d7b05360 ConcurrentGCThread "G1 Main Marker" [stack: 0x0000009be3400000,0x0000009be3500000] [id=28968]
  0x00000299d7b05d70 ConcurrentGCThread "G1 Conc#0" [stack: 0x0000009be3500000,0x0000009be3600000] [id=7000]
  0x00000299d7b4db00 ConcurrentGCThread "G1 Refine#0" [stack: 0x0000009be3600000,0x0000009be3700000] [id=13344]
  0x00000299d7b4e530 ConcurrentGCThread "G1 Service" [stack: 0x0000009be3700000,0x0000009be3800000] [id=10456]

Threads with active compile tasks:

VM state: not at safepoint (normal execution)

VM Mutex/Monitor currently owned by a thread:  ([mutex/lock_event])
[0x00000299d58dcf40] Metaspace_lock - owner thread: 0x00000299d7a9b4a0

Heap address: 0x0000000083a00000, size: 1990 MB, Compressed Oops mode: 32-bit

CDS archive(s) not mapped
Compressed class space mapped at: 0x0000000100000000-0x0000000140000000, reserved size: 1073741824
Narrow klass base: 0x0000000000000000, Narrow klass shift: 3, Narrow klass range: 0x140000000

GC Precious Log:
 CPUs: 8 total, 8 available
 Memory: 7959M
 Large Page Support: Disabled
 NUMA Support: Disabled
 Compressed Oops: Enabled (32-bit)
 Heap Region Size: 1M
 Heap Min Capacity: 8M
 Heap Initial Capacity: 126M
 Heap Max Capacity: 1990M
 Pre-touch: Disabled
 Parallel Workers: 8
 Concurrent Workers: 2
 Concurrent Refinement Workers: 8
 Periodic GC: Disabled

Heap:
 garbage-first heap   total 129024K, used 6144K [0x0000000083a00000, 0x0000000100000000)
  region size 1024K, 7 young (7168K), 0 survivors (0K)
 Metaspace       used 11662K, committed 11776K, reserved 1114112K
  class space    used 1130K, committed 1216K, reserved 1048576K

Heap Regions: E=young(eden), S=young(survivor), O=old, HS=humongous(starts), HC=humongous(continues), CS=collection set, F=free, OA=open archive, CA=closed archive, TAMS=top-at-mark-start (previous, next)
|   0|0x0000000083a00000, 0x0000000083a00000, 0x0000000083b00000|  0%| F|  |TAMS 0x0000000083a00000, 0x0000000083a00000| Untracked 
|   1|0x0000000083b00000, 0x0000000083b00000, 0x0000000083c00000|  0%| F|  |TAMS 0x0000000083b00000, 0x0000000083b00000| Untracked 
|   2|0x0000000083c00000, 0x0000000083c00000, 0x0000000083d00000|  0%| F|  |TAMS 0x0000000083c00000, 0x0000000083c00000| Untracked 
|   3|0x0000000083d00000, 0x0000000083d00000, 0x0000000083e00000|  0%| F|  |TAMS 0x0000000083d00000, 0x0000000083d00000| Untracked 
|   4|0x0000000083e00000, 0x0000000083e00000, 0x0000000083f00000|  0%| F|  |TAMS 0x0000000083e00000, 0x0000000083e00000| Untracked 
|   5|0x0000000083f00000, 0x0000000083f00000, 0x0000000084000000|  0%| F|  |TAMS 0x0000000083f00000, 0x0000000083f00000| Untracked 
|   6|0x0000000084000000, 0x0000000084000000, 0x0000000084100000|  0%| F|  |TAMS 0x0000000084000000, 0x0000000084000000| Untracked 
|   7|0x0000000084100000, 0x0000000084100000, 0x0000000084200000|  0%| F|  |TAMS 0x0000000084100000, 0x0000000084100000| Untracked 
|   8|0x0000000084200000, 0x0000000084200000, 0x0000000084300000|  0%| F|  |TAMS 0x0000000084200000, 0x0000000084200000| Untracked 
|   9|0x0000000084300000, 0x0000000084300000, 0x0000000084400000|  0%| F|  |TAMS 0x0000000084300000, 0x0000000084300000| Untracked 
|  10|0x0000000084400000, 0x0000000084400000, 0x0000000084500000|  0%| F|  |TAMS 0x0000000084400000, 0x0000000084400000| Untracked 
|  11|0x0000000084500000, 0x0000000084500000, 0x0000000084600000|  0%| F|  |TAMS 0x0000000084500000, 0x0000000084500000| Untracked 
|  12|0x0000000084600000, 0x0000000084600000, 0x0000000084700000|  0%| F|  |TAMS 0x0000000084600000, 0x0000000084600000| Untracked 
|  13|0x0000000084700000, 0x0000000084700000, 0x0000000084800000|  0%| F|  |TAMS 0x0000000084700000, 0x0000000084700000| Untracked 
|  14|0x0000000084800000, 0x0000000084800000, 0x0000000084900000|  0%| F|  |TAMS 0x0000000084800000, 0x0000000084800000| Untracked 
|  15|0x0000000084900000, 0x0000000084900000, 0x0000000084a00000|  0%| F|  |TAMS 0x0000000084900000, 0x0000000084900000| Untracked 
|  16|0x0000000084a00000, 0x0000000084a00000, 0x0000000084b00000|  0%| F|  |TAMS 0x0000000084a00000, 0x0000000084a00000| Untracked 
|  17|0x0000000084b00000, 0x0000000084b00000, 0x0000000084c00000|  0%| F|  |TAMS 0x0000000084b00000, 0x0000000084b00000| Untracked 
|  18|0x0000000084c00000, 0x0000000084c00000, 0x0000000084d00000|  0%| F|  |TAMS 0x0000000084c00000, 0x0000000084c00000| Untracked 
|  19|0x0000000084d00000, 0x0000000084d00000, 0x0000000084e00000|  0%| F|  |TAMS 0x0000000084d00000, 0x0000000084d00000| Untracked 
|  20|0x0000000084e00000, 0x0000000084e00000, 0x0000000084f00000|  0%| F|  |TAMS 0x0000000084e00000, 0x0000000084e00000| Untracked 
|  21|0x0000000084f00000, 0x0000000084f00000, 0x0000000085000000|  0%| F|  |TAMS 0x0000000084f00000, 0x0000000084f00000| Untracked 
|  22|0x0000000085000000, 0x0000000085000000, 0x0000000085100000|  0%| F|  |TAMS 0x0000000085000000, 0x0000000085000000| Untracked 
|  23|0x0000000085100000, 0x0000000085100000, 0x0000000085200000|  0%| F|  |TAMS 0x0000000085100000, 0x0000000085100000| Untracked 
|  24|0x0000000085200000, 0x0000000085200000, 0x0000000085300000|  0%| F|  |TAMS 0x0000000085200000, 0x0000000085200000| Untracked 
|  25|0x0000000085300000, 0x0000000085300000, 0x0000000085400000|  0%| F|  |TAMS 0x0000000085300000, 0x0000000085300000| Untracked 
|  26|0x0000000085400000, 0x0000000085400000, 0x0000000085500000|  0%| F|  |TAMS 0x0000000085400000, 0x0000000085400000| Untracked 
|  27|0x0000000085500000, 0x0000000085500000, 0x0000000085600000|  0%| F|  |TAMS 0x0000000085500000, 0x0000000085500000| Untracked 
|  28|0x0000000085600000, 0x0000000085600000, 0x0000000085700000|  0%| F|  |TAMS 0x0000000085600000, 0x0000000085600000| Untracked 
|  29|0x0000000085700000, 0x0000000085700000, 0x0000000085800000|  0%| F|  |TAMS 0x0000000085700000, 0x0000000085700000| Untracked 
|  30|0x0000000085800000, 0x0000000085800000, 0x0000000085900000|  0%| F|  |TAMS 0x0000000085800000, 0x0000000085800000| Untracked 
|  31|0x0000000085900000, 0x0000000085900000, 0x0000000085a00000|  0%| F|  |TAMS 0x0000000085900000, 0x0000000085900000| Untracked 
|  32|0x0000000085a00000, 0x0000000085a00000, 0x0000000085b00000|  0%| F|  |TAMS 0x0000000085a00000, 0x0000000085a00000| Untracked 
|  33|0x0000000085b00000, 0x0000000085b00000, 0x0000000085c00000|  0%| F|  |TAMS 0x0000000085b00000, 0x0000000085b00000| Untracked 
|  34|0x0000000085c00000, 0x0000000085c00000, 0x0000000085d00000|  0%| F|  |TAMS 0x0000000085c00000, 0x0000000085c00000| Untracked 
|  35|0x0000000085d00000, 0x0000000085d00000, 0x0000000085e00000|  0%| F|  |TAMS 0x0000000085d00000, 0x0000000085d00000| Untracked 
|  36|0x0000000085e00000, 0x0000000085e00000, 0x0000000085f00000|  0%| F|  |TAMS 0x0000000085e00000, 0x0000000085e00000| Untracked 
|  37|0x0000000085f00000, 0x0000000085f00000, 0x0000000086000000|  0%| F|  |TAMS 0x0000000085f00000, 0x0000000085f00000| Untracked 
|  38|0x0000000086000000, 0x0000000086000000, 0x0000000086100000|  0%| F|  |TAMS 0x0000000086000000, 0x0000000086000000| Untracked 
|  39|0x0000000086100000, 0x0000000086100000, 0x0000000086200000|  0%| F|  |TAMS 0x0000000086100000, 0x0000000086100000| Untracked 
|  40|0x0000000086200000, 0x0000000086200000, 0x0000000086300000|  0%| F|  |TAMS 0x0000000086200000, 0x0000000086200000| Untracked 
|  41|0x0000000086300000, 0x0000000086300000, 0x0000000086400000|  0%| F|  |TAMS 0x0000000086300000, 0x0000000086300000| Untracked 
|  42|0x0000000086400000, 0x0000000086400000, 0x0000000086500000|  0%| F|  |TAMS 0x0000000086400000, 0x0000000086400000| Untracked 
|  43|0x0000000086500000, 0x0000000086500000, 0x0000000086600000|  0%| F|  |TAMS 0x0000000086500000, 0x0000000086500000| Untracked 
|  44|0x0000000086600000, 0x0000000086600000, 0x0000000086700000|  0%| F|  |TAMS 0x0000000086600000, 0x0000000086600000| Untracked 
|  45|0x0000000086700000, 0x0000000086700000, 0x0000000086800000|  0%| F|  |TAMS 0x0000000086700000, 0x0000000086700000| Untracked 
|  46|0x0000000086800000, 0x0000000086800000, 0x0000000086900000|  0%| F|  |TAMS 0x0000000086800000, 0x0000000086800000| Untracked 
|  47|0x0000000086900000, 0x0000000086900000, 0x0000000086a00000|  0%| F|  |TAMS 0x0000000086900000, 0x0000000086900000| Untracked 
|  48|0x0000000086a00000, 0x0000000086a00000, 0x0000000086b00000|  0%| F|  |TAMS 0x0000000086a00000, 0x0000000086a00000| Untracked 
|  49|0x0000000086b00000, 0x0000000086b00000, 0x0000000086c00000|  0%| F|  |TAMS 0x0000000086b00000, 0x0000000086b00000| Untracked 
|  50|0x0000000086c00000, 0x0000000086c00000, 0x0000000086d00000|  0%| F|  |TAMS 0x0000000086c00000, 0x0000000086c00000| Untracked 
|  51|0x0000000086d00000, 0x0000000086d00000, 0x0000000086e00000|  0%| F|  |TAMS 0x0000000086d00000, 0x0000000086d00000| Untracked 
|  52|0x0000000086e00000, 0x0000000086e00000, 0x0000000086f00000|  0%| F|  |TAMS 0x0000000086e00000, 0x0000000086e00000| Untracked 
|  53|0x0000000086f00000, 0x0000000086f00000, 0x0000000087000000|  0%| F|  |TAMS 0x0000000086f00000, 0x0000000086f00000| Untracked 
|  54|0x0000000087000000, 0x0000000087000000, 0x0000000087100000|  0%| F|  |TAMS 0x0000000087000000, 0x0000000087000000| Untracked 
|  55|0x0000000087100000, 0x0000000087100000, 0x0000000087200000|  0%| F|  |TAMS 0x0000000087100000, 0x0000000087100000| Untracked 
|  56|0x0000000087200000, 0x0000000087200000, 0x0000000087300000|  0%| F|  |TAMS 0x0000000087200000, 0x0000000087200000| Untracked 
|  57|0x0000000087300000, 0x0000000087300000, 0x0000000087400000|  0%| F|  |TAMS 0x0000000087300000, 0x0000000087300000| Untracked 
|  58|0x0000000087400000, 0x0000000087400000, 0x0000000087500000|  0%| F|  |TAMS 0x0000000087400000, 0x0000000087400000| Untracked 
|  59|0x0000000087500000, 0x0000000087500000, 0x0000000087600000|  0%| F|  |TAMS 0x0000000087500000, 0x0000000087500000| Untracked 
|  60|0x0000000087600000, 0x0000000087600000, 0x0000000087700000|  0%| F|  |TAMS 0x0000000087600000, 0x0000000087600000| Untracked 
|  61|0x0000000087700000, 0x0000000087700000, 0x0000000087800000|  0%| F|  |TAMS 0x0000000087700000, 0x0000000087700000| Untracked 
|  62|0x0000000087800000, 0x0000000087800000, 0x0000000087900000|  0%| F|  |TAMS 0x0000000087800000, 0x0000000087800000| Untracked 
|  63|0x0000000087900000, 0x0000000087900000, 0x0000000087a00000|  0%| F|  |TAMS 0x0000000087900000, 0x0000000087900000| Untracked 
|  64|0x0000000087a00000, 0x0000000087a00000, 0x0000000087b00000|  0%| F|  |TAMS 0x0000000087a00000, 0x0000000087a00000| Untracked 
|  65|0x0000000087b00000, 0x0000000087b00000, 0x0000000087c00000|  0%| F|  |TAMS 0x0000000087b00000, 0x0000000087b00000| Untracked 
|  66|0x0000000087c00000, 0x0000000087c00000, 0x0000000087d00000|  0%| F|  |TAMS 0x0000000087c00000, 0x0000000087c00000| Untracked 
|  67|0x0000000087d00000, 0x0000000087d00000, 0x0000000087e00000|  0%| F|  |TAMS 0x0000000087d00000, 0x0000000087d00000| Untracked 
|  68|0x0000000087e00000, 0x0000000087e00000, 0x0000000087f00000|  0%| F|  |TAMS 0x0000000087e00000, 0x0000000087e00000| Untracked 
|  69|0x0000000087f00000, 0x0000000087f00000, 0x0000000088000000|  0%| F|  |TAMS 0x0000000087f00000, 0x0000000087f00000| Untracked 
|  70|0x0000000088000000, 0x0000000088000000, 0x0000000088100000|  0%| F|  |TAMS 0x0000000088000000, 0x0000000088000000| Untracked 
|  71|0x0000000088100000, 0x0000000088100000, 0x0000000088200000|  0%| F|  |TAMS 0x0000000088100000, 0x0000000088100000| Untracked 
|  72|0x0000000088200000, 0x0000000088200000, 0x0000000088300000|  0%| F|  |TAMS 0x0000000088200000, 0x0000000088200000| Untracked 
|  73|0x0000000088300000, 0x0000000088300000, 0x0000000088400000|  0%| F|  |TAMS 0x0000000088300000, 0x0000000088300000| Untracked 
|  74|0x0000000088400000, 0x0000000088400000, 0x0000000088500000|  0%| F|  |TAMS 0x0000000088400000, 0x0000000088400000| Untracked 
|  75|0x0000000088500000, 0x0000000088500000, 0x0000000088600000|  0%| F|  |TAMS 0x0000000088500000, 0x0000000088500000| Untracked 
|  76|0x0000000088600000, 0x0000000088600000, 0x0000000088700000|  0%| F|  |TAMS 0x0000000088600000, 0x0000000088600000| Untracked 
|  77|0x0000000088700000, 0x0000000088700000, 0x0000000088800000|  0%| F|  |TAMS 0x0000000088700000, 0x0000000088700000| Untracked 
|  78|0x0000000088800000, 0x0000000088800000, 0x0000000088900000|  0%| F|  |TAMS 0x0000000088800000, 0x0000000088800000| Untracked 
|  79|0x0000000088900000, 0x0000000088900000, 0x0000000088a00000|  0%| F|  |TAMS 0x0000000088900000, 0x0000000088900000| Untracked 
|  80|0x0000000088a00000, 0x0000000088a00000, 0x0000000088b00000|  0%| F|  |TAMS 0x0000000088a00000, 0x0000000088a00000| Untracked 
|  81|0x0000000088b00000, 0x0000000088b00000, 0x0000000088c00000|  0%| F|  |TAMS 0x0000000088b00000, 0x0000000088b00000| Untracked 
|  82|0x0000000088c00000, 0x0000000088c00000, 0x0000000088d00000|  0%| F|  |TAMS 0x0000000088c00000, 0x0000000088c00000| Untracked 
|  83|0x0000000088d00000, 0x0000000088d00000, 0x0000000088e00000|  0%| F|  |TAMS 0x0000000088d00000, 0x0000000088d00000| Untracked 
|  84|0x0000000088e00000, 0x0000000088e00000, 0x0000000088f00000|  0%| F|  |TAMS 0x0000000088e00000, 0x0000000088e00000| Untracked 
|  85|0x0000000088f00000, 0x0000000088f00000, 0x0000000089000000|  0%| F|  |TAMS 0x0000000088f00000, 0x0000000088f00000| Untracked 
|  86|0x0000000089000000, 0x0000000089000000, 0x0000000089100000|  0%| F|  |TAMS 0x0000000089000000, 0x0000000089000000| Untracked 
|  87|0x0000000089100000, 0x0000000089100000, 0x0000000089200000|  0%| F|  |TAMS 0x0000000089100000, 0x0000000089100000| Untracked 
|  88|0x0000000089200000, 0x0000000089200000, 0x0000000089300000|  0%| F|  |TAMS 0x0000000089200000, 0x0000000089200000| Untracked 
|  89|0x0000000089300000, 0x0000000089300000, 0x0000000089400000|  0%| F|  |TAMS 0x0000000089300000, 0x0000000089300000| Untracked 
|  90|0x0000000089400000, 0x0000000089400000, 0x0000000089500000|  0%| F|  |TAMS 0x0000000089400000, 0x0000000089400000| Untracked 
|  91|0x0000000089500000, 0x0000000089500000, 0x0000000089600000|  0%| F|  |TAMS 0x0000000089500000, 0x0000000089500000| Untracked 
|  92|0x0000000089600000, 0x0000000089600000, 0x0000000089700000|  0%| F|  |TAMS 0x0000000089600000, 0x0000000089600000| Untracked 
|  93|0x0000000089700000, 0x0000000089700000, 0x0000000089800000|  0%| F|  |TAMS 0x0000000089700000, 0x0000000089700000| Untracked 
|  94|0x0000000089800000, 0x0000000089800000, 0x0000000089900000|  0%| F|  |TAMS 0x0000000089800000, 0x0000000089800000| Untracked 
|  95|0x0000000089900000, 0x0000000089900000, 0x0000000089a00000|  0%| F|  |TAMS 0x0000000089900000, 0x0000000089900000| Untracked 
|  96|0x0000000089a00000, 0x0000000089a00000, 0x0000000089b00000|  0%| F|  |TAMS 0x0000000089a00000, 0x0000000089a00000| Untracked 
|  97|0x0000000089b00000, 0x0000000089b00000, 0x0000000089c00000|  0%| F|  |TAMS 0x0000000089b00000, 0x0000000089b00000| Untracked 
|  98|0x0000000089c00000, 0x0000000089c00000, 0x0000000089d00000|  0%| F|  |TAMS 0x0000000089c00000, 0x0000000089c00000| Untracked 
|  99|0x0000000089d00000, 0x0000000089d00000, 0x0000000089e00000|  0%| F|  |TAMS 0x0000000089d00000, 0x0000000089d00000| Untracked 
| 100|0x0000000089e00000, 0x0000000089e00000, 0x0000000089f00000|  0%| F|  |TAMS 0x0000000089e00000, 0x0000000089e00000| Untracked 
| 101|0x0000000089f00000, 0x0000000089f00000, 0x000000008a000000|  0%| F|  |TAMS 0x0000000089f00000, 0x0000000089f00000| Untracked 
| 102|0x000000008a000000, 0x000000008a000000, 0x000000008a100000|  0%| F|  |TAMS 0x000000008a000000, 0x000000008a000000| Untracked 
| 103|0x000000008a100000, 0x000000008a100000, 0x000000008a200000|  0%| F|  |TAMS 0x000000008a100000, 0x000000008a100000| Untracked 
| 104|0x000000008a200000, 0x000000008a200000, 0x000000008a300000|  0%| F|  |TAMS 0x000000008a200000, 0x000000008a200000| Untracked 
| 105|0x000000008a300000, 0x000000008a300000, 0x000000008a400000|  0%| F|  |TAMS 0x000000008a300000, 0x000000008a300000| Untracked 
| 106|0x000000008a400000, 0x000000008a400000, 0x000000008a500000|  0%| F|  |TAMS 0x000000008a400000, 0x000000008a400000| Untracked 
| 107|0x000000008a500000, 0x000000008a500000, 0x000000008a600000|  0%| F|  |TAMS 0x000000008a500000, 0x000000008a500000| Untracked 
| 108|0x000000008a600000, 0x000000008a600000, 0x000000008a700000|  0%| F|  |TAMS 0x000000008a600000, 0x000000008a600000| Untracked 
| 109|0x000000008a700000, 0x000000008a700000, 0x000000008a800000|  0%| F|  |TAMS 0x000000008a700000, 0x000000008a700000| Untracked 
| 110|0x000000008a800000, 0x000000008a800000, 0x000000008a900000|  0%| F|  |TAMS 0x000000008a800000, 0x000000008a800000| Untracked 
| 111|0x000000008a900000, 0x000000008a900000, 0x000000008aa00000|  0%| F|  |TAMS 0x000000008a900000, 0x000000008a900000| Untracked 
| 112|0x000000008aa00000, 0x000000008aa00000, 0x000000008ab00000|  0%| F|  |TAMS 0x000000008aa00000, 0x000000008aa00000| Untracked 
| 113|0x000000008ab00000, 0x000000008ab00000, 0x000000008ac00000|  0%| F|  |TAMS 0x000000008ab00000, 0x000000008ab00000| Untracked 
| 114|0x000000008ac00000, 0x000000008ac00000, 0x000000008ad00000|  0%| F|  |TAMS 0x000000008ac00000, 0x000000008ac00000| Untracked 
| 115|0x000000008ad00000, 0x000000008ad00000, 0x000000008ae00000|  0%| F|  |TAMS 0x000000008ad00000, 0x000000008ad00000| Untracked 
| 116|0x000000008ae00000, 0x000000008ae00000, 0x000000008af00000|  0%| F|  |TAMS 0x000000008ae00000, 0x000000008ae00000| Untracked 
| 117|0x000000008af00000, 0x000000008af00000, 0x000000008b000000|  0%| F|  |TAMS 0x000000008af00000, 0x000000008af00000| Untracked 
| 118|0x000000008b000000, 0x000000008b000000, 0x000000008b100000|  0%| F|  |TAMS 0x000000008b000000, 0x000000008b000000| Untracked 
| 119|0x000000008b100000, 0x000000008b176458, 0x000000008b200000| 46%| E|  |TAMS 0x000000008b100000, 0x000000008b100000| Complete 
| 120|0x000000008b200000, 0x000000008b300000, 0x000000008b300000|100%| E|CS|TAMS 0x000000008b200000, 0x000000008b200000| Complete 
| 121|0x000000008b300000, 0x000000008b400000, 0x000000008b400000|100%| E|CS|TAMS 0x000000008b300000, 0x000000008b300000| Complete 
| 122|0x000000008b400000, 0x000000008b500000, 0x000000008b500000|100%| E|CS|TAMS 0x000000008b400000, 0x000000008b400000| Complete 
| 123|0x000000008b500000, 0x000000008b600000, 0x000000008b600000|100%| E|CS|TAMS 0x000000008b500000, 0x000000008b500000| Complete 
| 124|0x000000008b600000, 0x000000008b700000, 0x000000008b700000|100%| E|CS|TAMS 0x000000008b600000, 0x000000008b600000| Complete 
| 125|0x000000008b700000, 0x000000008b800000, 0x000000008b800000|100%| E|CS|TAMS 0x000000008b700000, 0x000000008b700000| Complete 

Card table byte_map: [0x00000299ea920000,0x00000299ead10000] _byte_map_base: 0x00000299ea503000

Marking Bits (Prev, Next): (CMBitMap*) 0x00000299d7af5170, (CMBitMap*) 0x00000299d7af51b0
 Prev Bits: [0x00000299eb100000, 0x00000299ed018000)
 Next Bits: [0x00000299ed020000, 0x00000299eef38000)

Polling page: 0x00000299d5a50000

Metaspace:

Usage:
  Non-class:     10.29 MB used.
      Class:      1.10 MB used.
       Both:     11.39 MB used.

Virtual space:
  Non-class space:       64.00 MB reserved,      10.31 MB ( 16%) committed,  1 nodes.
      Class space:        1.00 GB reserved,       1.19 MB ( <1%) committed,  1 nodes.
             Both:        1.06 GB reserved,      11.50 MB (  1%) committed. 

Chunk freelists:
   Non-Class:  5.00 MB
       Class:  14.73 MB
        Both:  19.73 MB

MaxMetaspaceSize: unlimited
CompressedClassSpaceSize: 1.00 GB
Initial GC threshold: 21.00 MB
Current GC threshold: 21.00 MB
CDS: off
MetaspaceReclaimPolicy: balanced
 - commit_granule_bytes: 65536.
 - commit_granule_words: 8192.
 - virtual_space_node_default_size: 8388608.
 - enlarge_chunks_in_place: 1.
 - new_chunks_are_fully_committed: 0.
 - uncommit_free_chunks: 1.
 - use_allocation_guard: 0.
 - handle_deallocations: 1.


Internal statistics:

num_allocs_failed_limit: 0.
num_arena_births: 56.
num_arena_deaths: 0.
num_vsnodes_births: 2.
num_vsnodes_deaths: 0.
num_space_committed: 184.
num_space_uncommitted: 0.
num_chunks_returned_to_freelist: 0.
num_chunks_taken_from_freelist: 114.
num_chunk_merges: 0.
num_chunk_splits: 62.
num_chunks_enlarged: 38.
num_inconsistent_stats: 0.

CodeHeap 'non-profiled nmethods': size=120000Kb used=175Kb max_used=175Kb free=119824Kb
 bounds [0x00000299e2cd0000, 0x00000299e2f40000, 0x00000299ea200000]
CodeHeap 'profiled nmethods': size=120000Kb used=921Kb max_used=921Kb free=119078Kb
 bounds [0x00000299db200000, 0x00000299db470000, 0x00000299e2730000]
CodeHeap 'non-nmethods': size=5760Kb used=1161Kb max_used=1174Kb free=4598Kb
 bounds [0x00000299e2730000, 0x00000299e29a0000, 0x00000299e2cd0000]
 total_blobs=1036 nmethods=594 adapters=355
 compilation: enabled
              stopped_count=0, restarted_count=0
 full_count=0

Compilation events (20 events):
Event: 0.651 Thread 0x00000299f19b6840 nmethod 585 0x00000299db2e2010 code [0x00000299db2e21a0, 0x00000299db2e2328]
Event: 0.651 Thread 0x00000299f19b6840  586       3       java.util.zip.Inflater::inflate (9 bytes)
Event: 0.651 Thread 0x00000299f19b6840 nmethod 586 0x00000299db2e2410 code [0x00000299db2e25c0, 0x00000299db2e2728]
Event: 0.651 Thread 0x00000299f19b6840  587   !   3       java.util.zip.Inflater::inflate (418 bytes)
Event: 0.652 Thread 0x00000299f19b5050 nmethod 584 0x00000299e2cfb290 code [0x00000299e2cfb400, 0x00000299e2cfb4b8]
Event: 0.652 Thread 0x00000299f19b5050  588       4       java.nio.Buffer::scope (17 bytes)
Event: 0.652 Thread 0x00000299f19b5050 nmethod 588 0x00000299e2cfb590 code [0x00000299e2cfb700, 0x00000299e2cfb798]
Event: 0.652 Thread 0x00000299f19b6840 nmethod 587 0x00000299db2e2810 code [0x00000299db2e2ae0, 0x00000299db2e3cc8]
Event: 0.652 Thread 0x00000299f19b6840  589       1       java.net.URL::getProtocol (5 bytes)
Event: 0.653 Thread 0x00000299f19b6840 nmethod 589 0x00000299e2cfb890 code [0x00000299e2cfba20, 0x00000299e2cfbaf8]
Event: 0.653 Thread 0x00000299f19b6840  590       3       java.lang.invoke.LambdaForm$NamedFunction::methodType (23 bytes)
Event: 0.653 Thread 0x00000299f19b6840 nmethod 590 0x00000299db2e4690 code [0x00000299db2e4840, 0x00000299db2e4a88]
Event: 0.653 Thread 0x00000299f19b6840  591       3       jdk.internal.org.objectweb.asm.Frame::pop (42 bytes)
Event: 0.653 Thread 0x00000299f19b6840 nmethod 591 0x00000299db2e4b90 code [0x00000299db2e4d40, 0x00000299db2e4ef8]
Event: 0.656 Thread 0x00000299f19b6840  592       3       java.lang.invoke.MethodHandle::<init> (37 bytes)
Event: 0.657 Thread 0x00000299f19b6840 nmethod 592 0x00000299db2e5010 code [0x00000299db2e5220, 0x00000299db2e5798]
Event: 0.657 Thread 0x00000299f19b6840  593       3       java.lang.invoke.LambdaForm::prepare (112 bytes)
Event: 0.657 Thread 0x00000299f19b6840 nmethod 593 0x00000299db2e5a10 code [0x00000299db2e5c40, 0x00000299db2e6478]
Event: 0.658 Thread 0x00000299f19b5050  594       4       java.lang.Object::<init> (1 bytes)
Event: 0.659 Thread 0x00000299f19b5050 nmethod 594 0x00000299e2cfbb90 code [0x00000299e2cfbd00, 0x00000299e2cfbdb8]

GC Heap History (0 events):
No events

Dll operation events (1 events):
Event: 0.014 Loaded shared library C:\Program Files\JetBrains\IntelliJ IDEA 2023.2.3\jbr\bin\java.dll

Deoptimization events (0 events):
No events

Classes unloaded (0 events):
No events

Classes redefined (0 events):
No events

Internal exceptions (16 events):
Event: 0.301 Thread 0x00000299d7a9b4a0 Exception <a 'sun/nio/fs/WindowsException'{0x000000008b5fea68}> (0x000000008b5fea68) 
thrown [s\src\hotspot\share\prims\jni.cpp, line 517]
Event: 0.350 Thread 0x00000299d7a9b4a0 Exception <a 'java/lang/NoSuchMethodError'{0x000000008b42a1d8}: 'int java.lang.invoke.DirectMethodHandle$Holder.invokeStaticInit(java.lang.Object, java.lang.Object, java.lang.Object, java.lang.Object)'> (0x000000008b42a1d8) 
thrown [s\src\hotspot\share\interpreter\linkResolver.cpp, line 771]
Event: 0.364 Thread 0x00000299d7a9b4a0 Exception <a 'java/lang/NoSuchMethodError'{0x000000008b434e38}: 'java.lang.Object java.lang.invoke.DirectMethodHandle$Holder.invokeInterface(java.lang.Object, java.lang.Object)'> (0x000000008b434e38) 
thrown [s\src\hotspot\share\interpreter\linkResolver.cpp, line 771]
Event: 0.368 Thread 0x00000299d7a9b4a0 Exception <a 'java/lang/IncompatibleClassChangeError'{0x000000008b438758}: Found class java.lang.Object, but interface was expected> (0x000000008b438758) 
thrown [s\src\hotspot\share\interpreter\linkResolver.cpp, line 838]
Event: 0.377 Thread 0x00000299d7a9b4a0 Exception <a 'java/lang/NoSuchMethodError'{0x000000008b43bb08}: 'void java.lang.invoke.DirectMethodHandle$Holder.invokeStatic(java.lang.Object, java.lang.Object)'> (0x000000008b43bb08) 
thrown [s\src\hotspot\share\interpreter\linkResolver.cpp, line 771]
Event: 0.378 Thread 0x00000299d7a9b4a0 Exception <a 'java/lang/NoSuchMethodError'{0x000000008b43f460}: 'void java.lang.invoke.DirectMethodHandle$Holder.invokeStaticInit(java.lang.Object, java.lang.Object)'> (0x000000008b43f460) 
thrown [s\src\hotspot\share\interpreter\linkResolver.cpp, line 771]
Event: 0.381 Thread 0x00000299d7a9b4a0 Exception <a 'java/lang/NoSuchMethodError'{0x000000008b445cb8}: 'int java.lang.invoke.DirectMethodHandle$Holder.invokeStaticInit(java.lang.Object, java.lang.Object)'> (0x000000008b445cb8) 
thrown [s\src\hotspot\share\interpreter\linkResolver.cpp, line 771]
Event: 0.432 Thread 0x00000299d7a9b4a0 Exception <a 'java/lang/NoSuchMethodError'{0x000000008b32c848}: 'java.lang.Object java.lang.invoke.DirectMethodHandle$Holder.invokeStaticInit(java.lang.Object, int, int, int, int)'> (0x000000008b32c848) 
thrown [s\src\hotspot\share\interpreter\linkResolver.cpp, line 771]
Event: 0.591 Thread 0x00000299d7a9b4a0 Exception <a 'java/lang/NoSuchMethodError'{0x000000008b20aa80}: 'java.lang.Object java.lang.invoke.DirectMethodHandle$Holder.invokeStaticInit(java.lang.Object, java.lang.Object, int, int, int, int)'> (0x000000008b20aa80) 
thrown [s\src\hotspot\share\interpreter\linkResolver.cpp, line 771]
Event: 0.601 Thread 0x00000299d7a9b4a0 Exception <a 'java/lang/NoSuchMethodError'{0x000000008b273498}: 'java.lang.Object java.lang.invoke.DirectMethodHandle$Holder.invokeStatic(java.lang.Object, java.lang.Object, int)'> (0x000000008b273498) 
thrown [s\src\hotspot\share\interpreter\linkResolver.cpp, line 771]
Event: 0.601 Thread 0x00000299d7a9b4a0 Exception <a 'java/lang/NoSuchMethodError'{0x000000008b276e68}: 'java.lang.Object java.lang.invoke.DirectMethodHandle$Holder.invokeStaticInit(java.lang.Object, java.lang.Object, int)'> (0x000000008b276e68) 
thrown [s\src\hotspot\share\interpreter\linkResolver.cpp, line 771]
Event: 0.602 Thread 0x00000299d7a9b4a0 Exception <a 'java/lang/NoSuchMethodError'{0x000000008b27d218}: 'java.lang.Object java.lang.invoke.DirectMethodHandle$Holder.newInvokeSpecial(java.lang.Object, java.lang.Object, int)'> (0x000000008b27d218) 
thrown [s\src\hotspot\share\interpreter\linkResolver.cpp, line 771]
Event: 0.615 Thread 0x00000299d7a9b4a0 Exception <a 'java/lang/NoSuchMethodError'{0x000000008b28c958}: 'int java.lang.invoke.DirectMethodHandle$Holder.invokeStaticInit(java.lang.Object, java.lang.Object, java.lang.Object)'> (0x000000008b28c958) 
thrown [s\src\hotspot\share\interpreter\linkResolver.cpp, line 771]
Event: 0.620 Thread 0x00000299d7a9b4a0 Exception <a 'java/lang/NoSuchMethodError'{0x000000008b29cb38}: 'int java.lang.invoke.DirectMethodHandle$Holder.invokeSpecial(java.lang.Object, java.lang.Object, java.lang.Object)'> (0x000000008b29cb38) 
thrown [s\src\hotspot\share\interpreter\linkResolver.cpp, line 771]
Event: 0.621 Thread 0x00000299d7a9b4a0 Exception <a 'java/lang/NoSuchMethodError'{0x000000008b2a4f18}: 'int java.lang.invoke.DirectMethodHandle$Holder.invokeSpecialIFC(java.lang.Object, java.lang.Object, java.lang.Object)'> (0x000000008b2a4f18) 
thrown [s\src\hotspot\share\interpreter\linkResolver.cpp, line 771]
Event: 0.653 Thread 0x00000299d7a9b4a0 Exception <a 'java/lang/NoSuchMethodError'{0x000000008b131a88}: 'java.lang.Object java.lang.invoke.DirectMethodHandle$Holder.invokeStaticInit(java.lang.Object)'> (0x000000008b131a88) 
thrown [s\src\hotspot\share\interpreter\linkResolver.cpp, line 771]

VM Operations (8 events):
Event: 0.128 Executing VM operation: HandshakeAllThreads
Event: 0.128 Executing VM operation: HandshakeAllThreads done
Event: 0.147 Executing VM operation: HandshakeAllThreads
Event: 0.147 Executing VM operation: HandshakeAllThreads done
Event: 0.450 Executing VM operation: HandshakeAllThreads
Event: 0.450 Executing VM operation: HandshakeAllThreads done
Event: 0.656 Executing VM operation: HandshakeAllThreads
Event: 0.656 Executing VM operation: HandshakeAllThreads done

Events (20 events):
Event: 0.666 loading class sun/security/ssl/Finished$T13FinishedConsumer done
Event: 0.666 loading class sun/security/ssl/Finished$T13FinishedProducer
Event: 0.666 loading class sun/security/ssl/Finished$T13FinishedProducer done
Event: 0.666 loading class sun/security/ssl/CertificateStatus
Event: 0.666 loading class sun/security/ssl/CertificateStatus done
Event: 0.666 loading class sun/security/ssl/CertificateStatus$CertificateStatusConsumer
Event: 0.666 loading class sun/security/ssl/CertificateStatus$CertificateStatusConsumer done
Event: 0.666 loading class sun/security/ssl/CertificateStatus$CertificateStatusProducer
Event: 0.666 loading class sun/security/ssl/CertificateStatus$CertificateStatusProducer done
Event: 0.666 loading class sun/security/ssl/CertificateStatus$CertificateStatusAbsence
Event: 0.666 loading class sun/security/ssl/HandshakeAbsence
Event: 0.666 loading class sun/security/ssl/HandshakeAbsence done
Event: 0.666 loading class sun/security/ssl/CertificateStatus$CertificateStatusAbsence done
Event: 0.666 loading class sun/security/ssl/KeyUpdate
Event: 0.666 loading class sun/security/ssl/KeyUpdate done
Event: 0.666 loading class sun/security/ssl/KeyUpdate$KeyUpdateKickstartProducer
Event: 0.666 loading class sun/security/ssl/KeyUpdate$KeyUpdateKickstartProducer done
Event: 0.666 loading class sun/security/ssl/KeyUpdate$KeyUpdateConsumer
Event: 0.666 loading class sun/security/ssl/KeyUpdate$KeyUpdateConsumer done
Event: 0.666 loading class sun/security/ssl/KeyUpdate$KeyUpdateProducer


Dynamic libraries:
0x00007ff629550000 - 0x00007ff62955a000 	C:\Program Files\JetBrains\IntelliJ IDEA 2023.2.3\jbr\bin\java.exe
0x00007ff88b750000 - 0x00007ff88b967000 	C:\WINDOWS\SYSTEM32\ntdll.dll
0x00007ff88a330000 - 0x00007ff88a3f4000 	C:\WINDOWS\System32\KERNEL32.DLL
0x00007ff8890e0000 - 0x00007ff88948d000 	C:\WINDOWS\System32\KERNELBASE.dll
0x00007ff888f90000 - 0x00007ff8890a1000 	C:\WINDOWS\System32\ucrtbase.dll
0x00007ff837590000 - 0x00007ff8375a7000 	C:\Program Files\JetBrains\IntelliJ IDEA 2023.2.3\jbr\bin\jli.dll
0x00007ff840c50000 - 0x00007ff840c6b000 	C:\Program Files\JetBrains\IntelliJ IDEA 2023.2.3\jbr\bin\VCRUNTIME140.dll
0x00007ff889780000 - 0x00007ff88992e000 	C:\WINDOWS\System32\USER32.dll
0x00007ff888f60000 - 0x00007ff888f86000 	C:\WINDOWS\System32\win32u.dll
0x00007ff86ff00000 - 0x00007ff870193000 	C:\WINDOWS\WinSxS\amd64_microsoft.windows.common-controls_6595b64144ccf1df_6.0.22621.3672_none_2713b9d173822955\COMCTL32.dll
0x00007ff88a080000 - 0x00007ff88a0a9000 	C:\WINDOWS\System32\GDI32.dll
0x00007ff88a180000 - 0x00007ff88a227000 	C:\WINDOWS\System32\msvcrt.dll
0x00007ff888af0000 - 0x00007ff888c09000 	C:\WINDOWS\System32\gdi32full.dll
0x00007ff888e40000 - 0x00007ff888eda000 	C:\WINDOWS\System32\msvcp_win.dll
0x00007ff8896c0000 - 0x00007ff8896f1000 	C:\WINDOWS\System32\IMM32.DLL
0x00007ff87ec40000 - 0x00007ff87ec4c000 	C:\Program Files\JetBrains\IntelliJ IDEA 2023.2.3\jbr\bin\vcruntime140_1.dll
0x00007ff829890000 - 0x00007ff82991d000 	C:\Program Files\JetBrains\IntelliJ IDEA 2023.2.3\jbr\bin\msvcp140.dll
0x00007fffdab80000 - 0x00007fffdb803000 	C:\Program Files\JetBrains\IntelliJ IDEA 2023.2.3\jbr\bin\server\jvm.dll
0x00007ff889930000 - 0x00007ff8899e2000 	C:\WINDOWS\System32\ADVAPI32.dll
0x00007ff88a0b0000 - 0x00007ff88a159000 	C:\WINDOWS\System32\sechost.dll
0x00007ff8890b0000 - 0x00007ff8890d8000 	C:\WINDOWS\System32\bcrypt.dll
0x00007ff88a420000 - 0x00007ff88a534000 	C:\WINDOWS\System32\RPCRT4.dll
0x00007ff8811a0000 - 0x00007ff8811d4000 	C:\WINDOWS\SYSTEM32\WINMM.dll
0x00007ff86b280000 - 0x00007ff86b289000 	C:\WINDOWS\SYSTEM32\WSOCK32.dll
0x00007ff880fc0000 - 0x00007ff880fca000 	C:\WINDOWS\SYSTEM32\VERSION.dll
0x00007ff8895b0000 - 0x00007ff889621000 	C:\WINDOWS\System32\WS2_32.dll
0x00007ff887910000 - 0x00007ff88795d000 	C:\WINDOWS\SYSTEM32\POWRPROF.dll
0x00007ff8878f0000 - 0x00007ff887903000 	C:\WINDOWS\SYSTEM32\UMPDC.dll
0x00007ff887ba0000 - 0x00007ff887bb8000 	C:\WINDOWS\SYSTEM32\kernel.appcore.dll
0x00007ff8509a0000 - 0x00007ff8509aa000 	C:\Program Files\JetBrains\IntelliJ IDEA 2023.2.3\jbr\bin\jimage.dll
0x00007ff886180000 - 0x00007ff8863b2000 	C:\WINDOWS\SYSTEM32\DBGHELP.DLL
0x00007ff88a540000 - 0x00007ff88a8c8000 	C:\WINDOWS\System32\combase.dll
0x00007ff88b630000 - 0x00007ff88b707000 	C:\WINDOWS\System32\OLEAUT32.dll
0x00007ff86bb10000 - 0x00007ff86bb42000 	C:\WINDOWS\SYSTEM32\dbgcore.DLL
0x00007ff888ee0000 - 0x00007ff888f5b000 	C:\WINDOWS\System32\bcryptPrimitives.dll
0x00007ff850970000 - 0x00007ff850995000 	C:\Program Files\JetBrains\IntelliJ IDEA 2023.2.3\jbr\bin\java.dll
0x00007ff850950000 - 0x00007ff850968000 	C:\Program Files\JetBrains\IntelliJ IDEA 2023.2.3\jbr\bin\zip.dll
0x00007ff88ac10000 - 0x00007ff88b46f000 	C:\WINDOWS\System32\SHELL32.dll
0x00007ff8869e0000 - 0x00007ff8872dc000 	C:\WINDOWS\SYSTEM32\windows.storage.dll
0x00007ff8868a0000 - 0x00007ff8869df000 	C:\WINDOWS\SYSTEM32\wintypes.dll
0x00007ff88a230000 - 0x00007ff88a324000 	C:\WINDOWS\System32\SHCORE.dll
0x00007ff88b5d0000 - 0x00007ff88b62e000 	C:\WINDOWS\System32\shlwapi.dll
0x00007ff8889b0000 - 0x00007ff8889d1000 	C:\WINDOWS\SYSTEM32\profapi.dll
0x00007ff850930000 - 0x00007ff850949000 	C:\Program Files\JetBrains\IntelliJ IDEA 2023.2.3\jbr\bin\net.dll
0x00007ff882430000 - 0x00007ff882566000 	C:\WINDOWS\SYSTEM32\WINHTTP.dll
0x00007ff888010000 - 0x00007ff888079000 	C:\WINDOWS\system32\mswsock.dll
0x00007ff850910000 - 0x00007ff850926000 	C:\Program Files\JetBrains\IntelliJ IDEA 2023.2.3\jbr\bin\nio.dll
0x00007ff850890000 - 0x00007ff85089e000 	C:\Program Files\JetBrains\IntelliJ IDEA 2023.2.3\jbr\bin\sunmscapi.dll
0x00007ff888c10000 - 0x00007ff888d77000 	C:\WINDOWS\System32\CRYPT32.dll
0x00007ff888430000 - 0x00007ff88845e000 	C:\WINDOWS\SYSTEM32\ncrypt.dll
0x00007ff8883f0000 - 0x00007ff888427000 	C:\WINDOWS\SYSTEM32\NTASN1.dll
0x00007ff888270000 - 0x00007ff88828b000 	C:\WINDOWS\SYSTEM32\CRYPTSP.dll
0x00007ff887b00000 - 0x00007ff887b35000 	C:\WINDOWS\system32\rsaenh.dll
0x00007ff888110000 - 0x00007ff888138000 	C:\WINDOWS\SYSTEM32\USERENV.dll
0x00007ff888290000 - 0x00007ff88829c000 	C:\WINDOWS\SYSTEM32\CRYPTBASE.dll
0x00007ff8875a0000 - 0x00007ff8875cd000 	C:\WINDOWS\SYSTEM32\IPHLPAPI.DLL
0x00007ff88a410000 - 0x00007ff88a419000 	C:\WINDOWS\System32\NSI.dll
0x00007ff882360000 - 0x00007ff882379000 	C:\WINDOWS\SYSTEM32\dhcpcsvc6.DLL
0x00007ff8822b0000 - 0x00007ff8822cf000 	C:\WINDOWS\SYSTEM32\dhcpcsvc.DLL
0x00007ff8875d0000 - 0x00007ff8876c8000 	C:\WINDOWS\SYSTEM32\DNSAPI.dll

dbghelp: loaded successfully - version: 4.0.5 - missing functions: none
symbol engine: initialized successfully - sym options: 0x614 - pdb path: .;C:\Program Files\JetBrains\IntelliJ IDEA 2023.2.3\jbr\bin;C:\WINDOWS\SYSTEM32;C:\WINDOWS\WinSxS\amd64_microsoft.windows.common-controls_6595b64144ccf1df_6.0.22621.3672_none_2713b9d173822955;C:\Program Files\JetBrains\IntelliJ IDEA 2023.2.3\jbr\bin\server

VM Arguments:
java_command: git4idea.http.GitAskPassApp Username for 'https://github.com': 
java_class_path (initial): C:/Program Files/JetBrains/IntelliJ IDEA 2023.2.3/plugins/vcs-git/lib/git4idea-rt.jar;C:/Program Files/JetBrains/IntelliJ IDEA 2023.2.3/lib/externalProcess-rt.jar
Launcher Type: SUN_STANDARD

[Global flags]
     intx CICompilerCount                          = 4                                         {product} {ergonomic}
     uint ConcGCThreads                            = 2                                         {product} {ergonomic}
     uint G1ConcRefinementThreads                  = 8                                         {product} {ergonomic}
   size_t G1HeapRegionSize                         = 1048576                                   {product} {ergonomic}
    uintx GCDrainStackTargetSize                   = 64                                        {product} {ergonomic}
   size_t InitialHeapSize                          = 132120576                                 {product} {ergonomic}
   size_t MarkStackSize                            = 4194304                                   {product} {ergonomic}
   size_t MaxHeapSize                              = 2086666240                                {product} {ergonomic}
   size_t MaxNewSize                               = 1251999744                                {product} {ergonomic}
   size_t MinHeapDeltaBytes                        = 1048576                                   {product} {ergonomic}
   size_t MinHeapSize                              = 8388608                                   {product} {ergonomic}
    uintx NonNMethodCodeHeapSize                   = 5839372                                {pd product} {ergonomic}
    uintx NonProfiledCodeHeapSize                  = 122909434                              {pd product} {ergonomic}
    uintx ProfiledCodeHeapSize                     = 122909434                              {pd product} {ergonomic}
    uintx ReservedCodeCacheSize                    = 251658240                              {pd product} {ergonomic}
     bool SegmentedCodeCache                       = true                                      {product} {ergonomic}
   size_t SoftMaxHeapSize                          = 2086666240                             {manageable} {ergonomic}
     bool UseCompressedClassPointers               = true                           {product lp64_product} {ergonomic}
     bool UseCompressedOops                        = true                           {product lp64_product} {ergonomic}
     bool UseG1GC                                  = true                                      {product} {ergonomic}
     bool UseLargePagesIndividualAllocation        = false                                  {pd product} {ergonomic}

Logging:
Log output configuration:
 #0: stdout all=warning uptime,level,tags
 #1: stderr all=off uptime,level,tags

Environment Variables:
JAVA_HOME=C:\Program Files\Java\jdk-11.0.12
PATH=C:\Program Files\Git\mingw64\libexec\git-core;C:\Program Files\Git\mingw64\libexec\git-core;C:\Program Files\Git\mingw64\bin;C:\Program Files\Git\usr\bin;C:\Users\Atux\bin;C:\Program Files\Common Files\Oracle\Java\javapath;C:\Program Files (x86)\Common Files\Oracle\Java\javapath;C:\WINDOWS\system32;C:\WINDOWS;C:\WINDOWS\System32\Wbem;C:\WINDOWS\System32\WindowsPowerShell\v1.0;C:\WINDOWS\System32\OpenSSH;C:\Program Files\Git\cmd;C:\Program Files\Java\jdk-11.0.12\bin;C:\Program Files\Maven\apache-maven-3.9.6\bin;C:\Users\Atux\AppData\Local\Microsoft\WindowsApps;C:\Program Files\JetBrains\IntelliJ IDEA 2023.2.3\bin;C:\Users\Atux\AppData\Local\JetBrains\Toolbox\scripts
USERNAME=Atux
DISPLAY=:0.0
LC_ALL=en_US.UTF-8
TERM=xterm-256color
TMPDIR=C:\Users\Atux\AppData\Local\Temp
OS=Windows_NT
PROCESSOR_IDENTIFIER=Intel64 Family 6 Model 140 Stepping 1, GenuineIntel
TMP=C:\Users\Atux\AppData\Local\Temp
TEMP=C:\Users\Atux\AppData\Local\Temp


JNI global refs:
JNI global refs: 18, weak refs: 0

JNI global refs memory usage: 843, weak refs: 209

OOME stack traces (most recent first):
Classloader memory used:
Loader bootstrap                                                                       : 1410K
Loader jdk.internal.loader.ClassLoaders$PlatformClassLoader                            : 47077B
Loader jdk.internal.loader.ClassLoaders$AppClassLoader                                 : 1808B


---------------  S Y S T E M  ---------------

OS:
 Windows 11 , 64 bit Build 22621 (10.0.22621.3672)
OS uptime: 2 days 11:43 hours

CPU: total 8 (initial active 8) (4 cores per cpu, 2 threads per core) family 6 model 140 stepping 1 microcode 0x9a, cx8, cmov, fxsr, ht, mmx, 3dnowpref, sse, sse2, sse3, ssse3, sse4.1, sse4.2, popcnt, lzcnt, tsc, tscinvbit, avx, avx2, aes, erms, clmul, bmi1, bmi2, adx, avx512f, avx512dq, avx512cd, avx512bw, avx512vl, sha, fma, vzeroupper, avx512_vpopcntdq, avx512_vpclmulqdq, avx512_vaes, avx512_vnni, clflush, clflushopt, clwb, avx512_vbmi2, avx512_vbmi
Processor Information for all 8 processors :
  Max Mhz: 1997, Current Mhz: 1997, Mhz Limit: 1997

Memory: 4k page, system-wide physical 7959M (518M free)
TotalPageFile size 32535M (AvailPageFile size 1M)
current process WorkingSet (physical memory assigned to process): 53M, peak: 53M
current process commit charge ("private bytes"): 212M, peak: 214M

vm_info: OpenJDK 64-Bit Server VM (17.0.8.1+7-b1000.32) for windows-amd64 JRE (17.0.8.1+7-b1000.32), built on 2023-09-15 by "builduser" with MS VC++ 16.10 / 16.11 (VS2019)

END.
